<?xml version="1.0"?>
<testsuite name="Chrome Headless 84.0.4147.105 (Windows 10)" package="unit" timestamp="2020-08-19T22:32:18" id="0" hostname="1L1-PJCASTIT" tests="5" errors="0" failures="0" time="0.227">
  <properties>
    <property name="browser.fullName" value="Mozilla/5.0 (Windows NT 10.0; Win64; x64) AppleWebKit/537.36 (KHTML, like Gecko) HeadlessChrome/84.0.4147.105 Safari/537.36"/>
  </properties>
  <testcase name="AppComponent should render title" time="0.183" classname=".AppComponent"/>
  <testcase name="AppComponent should have as title 'font-angular'" time="0.023" classname=".AppComponent"/>
  <testcase name="AppComponent should create the app" time="0.015" classname=".AppComponent"/>
  <testcase name="User should create an instance" time="0.001" classname=".User"/>
  <testcase name="ApiTestService should be created" time="0.005" classname=".ApiTestService"/>
  <system-out>
    <![CDATA[
]]>
  </system-out>
  <system-err/>
</testsuite>